<?xml version="1.0" encoding="UTF-8"?>
<testng-results skipped="0" failed="0" ignored="0" total="2" passed="2">
  <reporter-output>
  </reporter-output>
  <suite name="Default suite" duration-ms="35524" started-at="2019-02-18T12:05:35Z" finished-at="2019-02-18T12:06:11Z">
    <groups>
    </groups>
    <test name="Default test" duration-ms="35524" started-at="2019-02-18T12:05:35Z" finished-at="2019-02-18T12:06:11Z">
      <class name="com.training.sanity.tests.DeleteCategoryTests_025">
        <test-method status="PASS" signature="setUpBeforeClass()[pri:0, instance:com.training.sanity.tests.DeleteCategoryTests_025@5e3a8624]" name="setUpBeforeClass" is-config="true" duration-ms="8565" started-at="2019-02-18T12:05:35Z" finished-at="2019-02-18T12:05:44Z">
          <reporter-output>
          </reporter-output>
        </test-method> <!-- setUpBeforeClass -->
        <test-method status="PASS" signature="validLoginTest()[pri:1, instance:com.training.sanity.tests.DeleteCategoryTests_025@5e3a8624]" name="validLoginTest" duration-ms="16751" started-at="2019-02-18T12:05:44Z" finished-at="2019-02-18T12:06:00Z">
          <reporter-output>
          </reporter-output>
        </test-method> <!-- validLoginTest -->
        <test-method status="PASS" signature="deleteCategoryTest()[pri:2, instance:com.training.sanity.tests.DeleteCategoryTests_025@5e3a8624]" name="deleteCategoryTest" duration-ms="8334" started-at="2019-02-18T12:06:00Z" finished-at="2019-02-18T12:06:09Z">
          <reporter-output>
          </reporter-output>
        </test-method> <!-- deleteCategoryTest -->
        <test-method status="PASS" signature="tearDown()[pri:0, instance:com.training.sanity.tests.DeleteCategoryTests_025@5e3a8624]" name="tearDown" is-config="true" duration-ms="1841" started-at="2019-02-18T12:06:09Z" finished-at="2019-02-18T12:06:11Z">
          <reporter-output>
          </reporter-output>
        </test-method> <!-- tearDown -->
      </class> <!-- com.training.sanity.tests.DeleteCategoryTests_025 -->
    </test> <!-- Default test -->
  </suite> <!-- Default suite -->
</testng-results>
