<?xml version="1.0" encoding="UTF-8"?>
<!-- Generated by org.testng.reporters.JUnitXMLReporter -->
<testsuite hostname="IBM927-PC0BRLZW" ignored="0" name="Default test" tests="2" failures="0" timestamp="03 Mar 2019 21:23:21 GMT" time="54.985" errors="0">
  <testcase name="validLoginTest" time="8.302" classname="com.training.sanity.tests.ModifyUserDetailTests_051"/>
  <testcase name="editUserDetailTest" time="33.672" classname="com.training.sanity.tests.ModifyUserDetailTests_051"/>
</testsuite> <!-- Default test -->
